<?xml version="1.0" encoding="UTF-8"?>
<testsuite name="com.portfolio.jjyoon.JjyoonApplicationTests" tests="1" skipped="0" failures="0" errors="0" timestamp="2025-07-22T06:50:07.945Z" hostname="yunjeongjaeui-MacBookPro.local" time="0.222">
  <properties/>
  <testcase name="contextLoads()" classname="com.portfolio.jjyoon.JjyoonApplicationTests" time="0.222"/>
  <system-out><![CDATA[15:50:06.553 [Test worker] INFO org.springframework.test.context.support.AnnotationConfigContextLoaderUtils -- Could not detect default configuration classes for test class [com.portfolio.jjyoon.JjyoonApplicationTests]: JjyoonApplicationTests does not declare any static, non-private, non-final, nested classes annotated with @Configuration.
15:50:06.584 [Test worker] INFO org.springframework.boot.test.context.SpringBootTestContextBootstrapper -- Found @SpringBootConfiguration com.portfolio.jjyoon.JjyoonApplication for test class com.portfolio.jjyoon.JjyoonApplicationTests

  .   ____          _            __ _ _
 /\\ / ___'_ __ _ _(_)_ __  __ _ \ \ \ \
( ( )\___ | '_ | '_| | '_ \/ _` | \ \ \ \
 \\/  ___)| |_)| | | | | || (_| |  ) ) ) )
  '  |____| .__|_| |_|_| |_\__, | / / / /
 =========|_|==============|___/=/_/_/_/

 :: Spring Boot ::                (v3.5.3)

2025-07-22T15:50:06.706+09:00  INFO 33800 --- [jjyoon] [    Test worker] c.p.jjyoon.JjyoonApplicationTests        : Starting JjyoonApplicationTests using Java 21.0.7 with PID 33800 (started by yoonjeongjae in /Users/yoonjeongjae/Desktop/portfolio/backend)
2025-07-22T15:50:06.707+09:00  INFO 33800 --- [jjyoon] [    Test worker] c.p.jjyoon.JjyoonApplicationTests        : No active profile set, falling back to 1 default profile: "default"
2025-07-22T15:50:06.900+09:00  INFO 33800 --- [jjyoon] [    Test worker] .s.d.r.c.RepositoryConfigurationDelegate : Bootstrapping Spring Data JPA repositories in DEFAULT mode.
2025-07-22T15:50:06.915+09:00  INFO 33800 --- [jjyoon] [    Test worker] .s.d.r.c.RepositoryConfigurationDelegate : Finished Spring Data repository scanning in 12 ms. Found 1 JPA repository interface.
2025-07-22T15:50:07.062+09:00  INFO 33800 --- [jjyoon] [    Test worker] o.hibernate.jpa.internal.util.LogHelper  : HHH000204: Processing PersistenceUnitInfo [name: default]
2025-07-22T15:50:07.078+09:00  INFO 33800 --- [jjyoon] [    Test worker] org.hibernate.Version                    : HHH000412: Hibernate ORM core version 6.6.18.Final
2025-07-22T15:50:07.087+09:00  INFO 33800 --- [jjyoon] [    Test worker] o.h.c.internal.RegionFactoryInitiator    : HHH000026: Second-level cache disabled
2025-07-22T15:50:07.160+09:00  INFO 33800 --- [jjyoon] [    Test worker] o.s.o.j.p.SpringPersistenceUnitInfo      : No LoadTimeWeaver setup: ignoring JPA class transformer
2025-07-22T15:50:07.170+09:00  INFO 33800 --- [jjyoon] [    Test worker] com.zaxxer.hikari.HikariDataSource       : HikariPool-1 - Starting...
2025-07-22T15:50:07.286+09:00  INFO 33800 --- [jjyoon] [    Test worker] com.zaxxer.hikari.pool.HikariPool        : HikariPool-1 - Added connection org.postgresql.jdbc.PgConnection@3460e4ed
2025-07-22T15:50:07.287+09:00  INFO 33800 --- [jjyoon] [    Test worker] com.zaxxer.hikari.HikariDataSource       : HikariPool-1 - Start completed.
2025-07-22T15:50:07.344+09:00  INFO 33800 --- [jjyoon] [    Test worker] org.hibernate.orm.connections.pooling    : HHH10001005: Database info:
	Database JDBC URL [Connecting through datasource 'HikariDataSource (HikariPool-1)']
	Database driver: undefined/unknown
	Database version: 15.13
	Autocommit mode: undefined/unknown
	Isolation level: undefined/unknown
	Minimum pool size: undefined/unknown
	Maximum pool size: undefined/unknown
2025-07-22T15:50:07.621+09:00  INFO 33800 --- [jjyoon] [    Test worker] o.h.e.t.j.p.i.JtaPlatformInitiator       : HHH000489: No JTA platform available (set 'hibernate.transaction.jta.platform' to enable JTA platform integration)
2025-07-22T15:50:07.662+09:00  INFO 33800 --- [jjyoon] [    Test worker] j.LocalContainerEntityManagerFactoryBean : Initialized JPA EntityManagerFactory for persistence unit 'default'
2025-07-22T15:50:07.758+09:00  WARN 33800 --- [jjyoon] [    Test worker] JpaBaseConfiguration$JpaWebConfiguration : spring.jpa.open-in-view is enabled by default. Therefore, database queries may be performed during view rendering. Explicitly configure spring.jpa.open-in-view to disable this warning
2025-07-22T15:50:07.768+09:00  WARN 33800 --- [jjyoon] [    Test worker] .s.s.UserDetailsServiceAutoConfiguration : 

Using generated security password: cb4c0a82-4c9c-41b9-900a-3018be65b1c6

This generated password is for development use only. Your security configuration must be updated before running your application in production.

2025-07-22T15:50:07.771+09:00  INFO 33800 --- [jjyoon] [    Test worker] r$InitializeUserDetailsManagerConfigurer : Global AuthenticationManager configured with UserDetailsService bean with name inMemoryUserDetailsManager
2025-07-22T15:50:07.941+09:00  INFO 33800 --- [jjyoon] [    Test worker] c.p.jjyoon.JjyoonApplicationTests        : Started JjyoonApplicationTests in 1.317 seconds (process running for 1.657)
]]></system-out>
  <system-err><![CDATA[Mockito is currently self-attaching to enable the inline-mock-maker. This will no longer work in future releases of the JDK. Please add Mockito as an agent to your build as described in Mockito's documentation: https://javadoc.io/doc/org.mockito/mockito-core/latest/org.mockito/org/mockito/Mockito.html#0.3
WARNING: A Java agent has been loaded dynamically (/Users/yoonjeongjae/.gradle/caches/modules-2/files-2.1/net.bytebuddy/byte-buddy-agent/1.17.6/17b32fd9f57deef02842f7f05abc4ad8127fe34e/byte-buddy-agent-1.17.6.jar)
WARNING: If a serviceability tool is in use, please run with -XX:+EnableDynamicAgentLoading to hide this warning
WARNING: If a serviceability tool is not in use, please run with -Djdk.instrument.traceUsage for more information
WARNING: Dynamic loading of agents will be disallowed by default in a future release
]]></system-err>
</testsuite>
